<?xml version="1.0" encoding="UTF-8"?>
<!-- Generated by org.testng.reporters.JUnitReportReporter -->
<testsuite hostname="Engine-Appsgem" failures="0" tests="1" name="dd_excel.PropertyFileIO" time="3.707" errors="0" timestamp="21 May 2018 03:40:36 GMT" skipped="0">
  <testcase classname="dd_excel.PropertyFileIO" name="Read" time="3.707"/>
</testsuite> <!-- dd_excel.PropertyFileIO -->
