<?xml version="1.0" encoding="UTF-8"?>
<!-- Generated by org.testng.reporters.JUnitReportReporter -->
<testsuite hostname="Engine-Appsgem" failures="0" tests="1" name="dd_excel.Read_Excel" time="0.117" errors="0" timestamp="20 May 2018 16:26:50 GMT" skipped="0">
  <testcase classname="dd_excel.Read_Excel" name="f" time="0.117"/>
</testsuite> <!-- dd_excel.Read_Excel -->
