<?xml version="1.0" encoding="UTF-8"?>
<!-- Generated by org.testng.reporters.JUnitReportReporter -->
<testsuite hostname="Engine-Appsgem" failures="0" tests="1" name="dd_excel.Implicit_Explicit" time="2.477" errors="0" timestamp="20 May 2018 18:02:44 GMT" skipped="0">
  <testcase classname="dd_excel.Implicit_Explicit" name="f" time="2.477"/>
</testsuite> <!-- dd_excel.Implicit_Explicit -->
